nohup: ignoring input
pygame 2.6.1 (SDL 2.28.4, Python 3.10.12)
Hello from the pygame community. https://www.pygame.org/contribute.html
---- DEVICE: cuda ----



--- Game 1 ---
Score: 0
Record: 0
Explore rate: 0.9995
Average reward: 0.0


--- Game 2 ---
Score: 0
Record: 0
Explore rate: 0.9990002500000001
Average reward: 0.0


--- Game 3 ---
Score: 1
Record: 1
Explore rate: 0.9985007498750001
Average reward: 0.3333333333333333
-- Saved weights to snake_pixel_gpu.pth --
Training...


--- Game 4 ---
Score: 0
Record: 1
Explore rate: 0.9980014995000627
Average reward: 0.25
Training...


--- Game 5 ---
Score: 0
Record: 1
Explore rate: 0.9975024987503127
Average reward: 0.2
Training...


--- Game 6 ---
Score: 1
Record: 1
Explore rate: 0.9970037475009376
Average reward: 0.3333333333333333
-- Saved weights to snake_pixel_gpu.pth --
Training...


--- Game 7 ---
Score: 0
Record: 1
Explore rate: 0.9965052456271871
Average reward: 0.2857142857142857
Training...


--- Game 8 ---
Score: 0
Record: 1
Explore rate: 0.9960069930043736
Average reward: 0.25
Training...


--- Game 9 ---
Score: 0
Record: 1
Explore rate: 0.9955089895078715
Average reward: 0.2222222222222222
Training...


--- Game 10 ---
Score: 0
Record: 1
Explore rate: 0.9950112350131176
Average reward: 0.2
Training...


--- Game 11 ---
Score: 0
Record: 1
Explore rate: 0.9945137293956111
Average reward: 0.18181818181818182
Training...


--- Game 12 ---
Score: 0
Record: 1
Explore rate: 0.9940164725309134
Average reward: 0.16666666666666666
Training...


--- Game 13 ---
Score: 0
Record: 1
Explore rate: 0.993519464294648
Average reward: 0.15384615384615385
Training...


--- Game 14 ---
Score: 0
Record: 1
Explore rate: 0.9930227045625007
Average reward: 0.14285714285714285
Training...


--- Game 15 ---
Score: 0
Record: 1
Explore rate: 0.9925261932102195
Average reward: 0.13333333333333333
Training...


--- Game 16 ---
Score: 1
Record: 1
Explore rate: 0.9920299301136144
Average reward: 0.1875
-- Saved weights to snake_pixel_gpu.pth --
Training...


--- Game 17 ---
Score: 0
Record: 1
Explore rate: 0.9915339151485576
Average reward: 0.17647058823529413
Training...


--- Game 18 ---
Score: 0
Record: 1
Explore rate: 0.9910381481909833
Average reward: 0.16666666666666666
Training...


--- Game 19 ---
Score: 0
Record: 1
Explore rate: 0.990542629116888
Average reward: 0.15789473684210525
Training...


--- Game 20 ---
Score: 0
Record: 1
Explore rate: 0.9900473578023296
Average reward: 0.15
Training...


--- Game 21 ---
Score: 0
Record: 1
Explore rate: 0.9895523341234285
Average reward: 0.14285714285714285
Training...


--- Game 22 ---
Score: 0
Record: 1
Explore rate: 0.9890575579563669
Average reward: 0.13636363636363635
Training...


--- Game 23 ---
Score: 0
Record: 1
Explore rate: 0.9885630291773887
Average reward: 0.13043478260869565
Training...


--- Game 24 ---
Score: 0
Record: 1
Explore rate: 0.9880687476628001
Average reward: 0.125
Training...


--- Game 25 ---
Score: 0
Record: 1
Explore rate: 0.9875747132889687
Average reward: 0.12
Training...


--- Game 26 ---
Score: 1
Record: 1
Explore rate: 0.9870809259323243
Average reward: 0.15384615384615385
-- Saved weights to snake_pixel_gpu.pth --
Training...


--- Game 27 ---
Score: 0
Record: 1
Explore rate: 0.9865873854693582
Average reward: 0.14814814814814814
Training...


--- Game 28 ---
Score: 0
Record: 1
Explore rate: 0.9860940917766235
Average reward: 0.14285714285714285
Training...


--- Game 29 ---
Score: 0
Record: 1
Explore rate: 0.9856010447307353
Average reward: 0.13793103448275862
Training...


--- Game 30 ---
Score: 0
Record: 1
Explore rate: 0.98510824420837
Average reward: 0.13333333333333333
Training...


--- Game 31 ---
Score: 1
Record: 1
Explore rate: 0.9846156900862658
Average reward: 0.16129032258064516
-- Saved weights to snake_pixel_gpu.pth --
Training...


--- Game 32 ---
Score: 0
Record: 1
Explore rate: 0.9841233822412228
Average reward: 0.15625
Training...


--- Game 33 ---
Score: 0
Record: 1
Explore rate: 0.9836313205501022
Average reward: 0.15151515151515152
Training...


--- Game 34 ---
Score: 1
Record: 1
Explore rate: 0.9831395048898272
Average reward: 0.17647058823529413
-- Saved weights to snake_pixel_gpu.pth --
Training...


--- Game 35 ---
Score: 0
Record: 1
Explore rate: 0.9826479351373822
Average reward: 0.17142857142857143
Training...


--- Game 36 ---
Score: 0
Record: 1
Explore rate: 0.9821566111698136
Average reward: 0.16666666666666666
Training...


--- Game 37 ---
Score: 0
Record: 1
Explore rate: 0.9816655328642288
Average reward: 0.16216216216216217
Training...


--- Game 38 ---
Score: 0
Record: 1
Explore rate: 0.9811747000977967
Average reward: 0.15789473684210525
Training...


--- Game 39 ---
Score: 0
Record: 1
Explore rate: 0.9806841127477479
Average reward: 0.15384615384615385
Training...


--- Game 40 ---
Score: 0
Record: 1
Explore rate: 0.9801937706913741
Average reward: 0.15
Training...


--- Game 41 ---
Score: 0
Record: 1
Explore rate: 0.9797036738060285
Average reward: 0.14634146341463414
Training...


--- Game 42 ---
Score: 0
Record: 1
Explore rate: 0.9792138219691255
Average reward: 0.14285714285714285
Training...


--- Game 43 ---
Score: 1
Record: 1
Explore rate: 0.978724215058141
Average reward: 0.16279069767441862
-- Saved weights to snake_pixel_gpu.pth --
Training...


--- Game 44 ---
Score: 0
Record: 1
Explore rate: 0.978234852950612
Average reward: 0.1590909090909091
Training...


--- Game 45 ---
Score: 0
Record: 1
Explore rate: 0.9777457355241367
Average reward: 0.15555555555555556
Training...


--- Game 46 ---
Score: 0
Record: 1
Explore rate: 0.9772568626563747
Average reward: 0.15217391304347827
Training...


--- Game 47 ---
Score: 0
Record: 1
Explore rate: 0.9767682342250465
Average reward: 0.14893617021276595
Training...


--- Game 48 ---
Score: 0
Record: 1
Explore rate: 0.976279850107934
Average reward: 0.14583333333333334
Training...


--- Game 49 ---
Score: 0
Record: 1
Explore rate: 0.9757917101828801
Average reward: 0.14285714285714285
Training...


--- Game 50 ---
Score: 0
Record: 1
Explore rate: 0.9753038143277888
Average reward: 0.14
Training...


--- Game 51 ---
Score: 0
Record: 1
Explore rate: 0.974816162420625
Average reward: 0.13725490196078433
Training...


--- Game 52 ---
Score: 0
Record: 1
Explore rate: 0.9743287543394147
Average reward: 0.1346153846153846
Training...


--- Game 53 ---
Score: 0
Record: 1
Explore rate: 0.973841589962245
Average reward: 0.1320754716981132
Training...


--- Game 54 ---
Score: 0
Record: 1
Explore rate: 0.973354669167264
Average reward: 0.12962962962962962
Training...


--- Game 55 ---
Score: 0
Record: 1
Explore rate: 0.9728679918326804
Average reward: 0.12727272727272726
Training...


--- Game 56 ---
Score: 0
Record: 1
Explore rate: 0.972381557836764
Average reward: 0.125
Training...


--- Game 57 ---
Score: 1
Record: 1
Explore rate: 0.9718953670578457
Average reward: 0.14035087719298245
-- Saved weights to snake_pixel_gpu.pth --
Training...


--- Game 58 ---
Score: 0
Record: 1
Explore rate: 0.9714094193743169
Average reward: 0.13793103448275862
Training...


--- Game 59 ---
Score: 0
Record: 1
Explore rate: 0.9709237146646298
Average reward: 0.13559322033898305
Training...


--- Game 60 ---
Score: 0
Record: 1
Explore rate: 0.9704382528072976
Average reward: 0.13333333333333333
Training...


--- Game 61 ---
Score: 0
Record: 1
Explore rate: 0.9699530336808939
Average reward: 0.13114754098360656
Training...


--- Game 62 ---
Score: 1
Record: 1
Explore rate: 0.9694680571640535
Average reward: 0.14516129032258066
-- Saved weights to snake_pixel_gpu.pth --
Training...


--- Game 63 ---
Score: 0
Record: 1
Explore rate: 0.9689833231354715
Average reward: 0.14285714285714285
Training...


--- Game 64 ---
Score: 0
Record: 1
Explore rate: 0.9684988314739038
Average reward: 0.140625
Training...


--- Game 65 ---
Score: 0
Record: 1
Explore rate: 0.9680145820581669
Average reward: 0.13846153846153847
Training...


--- Game 66 ---
Score: 0
Record: 1
Explore rate: 0.9675305747671379
Average reward: 0.13636363636363635
Training...


--- Game 67 ---
Score: 1
Record: 1
Explore rate: 0.9670468094797544
Average reward: 0.14925373134328357
-- Saved weights to snake_pixel_gpu.pth --
Training...


--- Game 68 ---
Score: 0
Record: 1
Explore rate: 0.9665632860750146
Average reward: 0.14705882352941177
Training...


--- Game 69 ---
Score: 0
Record: 1
Explore rate: 0.9660800044319772
Average reward: 0.14492753623188406
Training...


--- Game 70 ---
Score: 0
Record: 1
Explore rate: 0.9655969644297613
Average reward: 0.14285714285714285
Training...


--- Game 71 ---
Score: 0
Record: 1
Explore rate: 0.9651141659475465
Average reward: 0.14084507042253522
Training...


--- Game 72 ---
Score: 1
Record: 1
Explore rate: 0.9646316088645728
Average reward: 0.1527777777777778
-- Saved weights to snake_pixel_gpu.pth --
Training...


--- Game 73 ---
Score: 0
Record: 1
Explore rate: 0.9641492930601405
Average reward: 0.1506849315068493
Training...


--- Game 74 ---
Score: 0
Record: 1
Explore rate: 0.9636672184136105
Average reward: 0.14864864864864866
Training...


--- Game 75 ---
Score: 0
Record: 1
Explore rate: 0.9631853848044037
Average reward: 0.14666666666666667
Training...


--- Game 76 ---
Score: 0
Record: 1
Explore rate: 0.9627037921120016
Average reward: 0.14473684210526316
Training...


--- Game 77 ---
Score: 1
Record: 1
Explore rate: 0.9622224402159457
Average reward: 0.15584415584415584
-- Saved weights to snake_pixel_gpu.pth --
Training...


--- Game 78 ---
Score: 0
Record: 1
Explore rate: 0.9617413289958378
Average reward: 0.15384615384615385
Training...


--- Game 79 ---
Score: 0
Record: 1
Explore rate: 0.9612604583313399
Average reward: 0.1518987341772152
Training...


--- Game 80 ---
Score: 1
Record: 1
Explore rate: 0.9607798281021742
Average reward: 0.1625
-- Saved weights to snake_pixel_gpu.pth --
Training...


--- Game 81 ---
Score: 0
Record: 1
Explore rate: 0.9602994381881231
Average reward: 0.16049382716049382
Training...


--- Game 82 ---
Score: 0
Record: 1
Explore rate: 0.9598192884690291
Average reward: 0.15853658536585366
Training...


--- Game 83 ---
Score: 0
Record: 1
Explore rate: 0.9593393788247946
Average reward: 0.1566265060240964
Training...


--- Game 84 ---
Score: 1
Record: 1
Explore rate: 0.9588597091353822
Average reward: 0.16666666666666666
-- Saved weights to snake_pixel_gpu.pth --
Training...


--- Game 85 ---
Score: 1
Record: 1
Explore rate: 0.9583802792808146
Average reward: 0.17647058823529413
-- Saved weights to snake_pixel_gpu.pth --
Training...


--- Game 86 ---
Score: 0
Record: 1
Explore rate: 0.9579010891411742
Average reward: 0.1744186046511628
Training...


--- Game 87 ---
Score: 0
Record: 1
Explore rate: 0.9574221385966036
Average reward: 0.1724137931034483
Training...


--- Game 88 ---
Score: 0
Record: 1
Explore rate: 0.9569434275273054
Average reward: 0.17045454545454544
Training...


--- Game 89 ---
Score: 0
Record: 1
Explore rate: 0.9564649558135419
Average reward: 0.16853932584269662
Training...


--- Game 90 ---
Score: 0
Record: 1
Explore rate: 0.9559867233356352
Average reward: 0.16666666666666666
Training...


--- Game 91 ---
Score: 0
Record: 1
Explore rate: 0.9555087299739674
Average reward: 0.16483516483516483
Training...


--- Game 92 ---
Score: 0
Record: 1
Explore rate: 0.9550309756089804
Average reward: 0.16304347826086957
Training...


--- Game 93 ---
Score: 0
Record: 1
Explore rate: 0.954553460121176
Average reward: 0.16129032258064516
Training...


--- Game 94 ---
Score: 0
Record: 1
Explore rate: 0.9540761833911156
Average reward: 0.1595744680851064
Training...


--- Game 95 ---
Score: 1
Record: 1
Explore rate: 0.95359914529942
Average reward: 0.16842105263157894
-- Saved weights to snake_pixel_gpu.pth --
Training...


--- Game 96 ---
Score: 0
Record: 1
Explore rate: 0.9531223457267703
Average reward: 0.16666666666666666
Training...


--- Game 97 ---
Score: 0
Record: 1
Explore rate: 0.952645784553907
Average reward: 0.16494845360824742
Training...


--- Game 98 ---
Score: 0
Record: 1
Explore rate: 0.9521694616616301
Average reward: 0.16326530612244897
Training...


--- Game 99 ---
Score: 0
Record: 1
Explore rate: 0.9516933769307994
Average reward: 0.16161616161616163
Training...


--- Game 100 ---
Score: 0
Record: 1
Explore rate: 0.951217530242334
Average reward: 0.16
Training...


--- Game 101 ---
Score: 0
Record: 1
Explore rate: 0.9507419214772129
Average reward: 0.15841584158415842
Training...


--- Game 102 ---
Score: 0
Record: 1
Explore rate: 0.9502665505164744
Average reward: 0.1568627450980392
Training...


--- Game 103 ---
Score: 0
Record: 1
Explore rate: 0.9497914172412162
Average reward: 0.1553398058252427
Training...


--- Game 104 ---
Score: 1
Record: 1
Explore rate: 0.9493165215325956
Average reward: 0.16346153846153846
-- Saved weights to snake_pixel_gpu.pth --
Training...


--- Game 105 ---
Score: 0
Record: 1
Explore rate: 0.9488418632718294
Average reward: 0.1619047619047619
Training...


--- Game 106 ---
Score: 0
Record: 1
Explore rate: 0.9483674423401935
Average reward: 0.16037735849056603
Training...


--- Game 107 ---
Score: 0
Record: 1
Explore rate: 0.9478932586190235
Average reward: 0.1588785046728972
Training...


--- Game 108 ---
Score: 0
Record: 1
Explore rate: 0.9474193119897141
Average reward: 0.1574074074074074
Training...


--- Game 109 ---
Score: 0
Record: 1
Explore rate: 0.9469456023337193
Average reward: 0.1559633027522936
Training...


--- Game 110 ---
Score: 0
Record: 1
Explore rate: 0.9464721295325524
Average reward: 0.15454545454545454
Training...


--- Game 111 ---
Score: 0
Record: 1
Explore rate: 0.9459988934677862
Average reward: 0.15315315315315314
Training...


--- Game 112 ---
Score: 0
Record: 1
Explore rate: 0.9455258940210524
Average reward: 0.15178571428571427
Training...


--- Game 113 ---
Score: 0
Record: 1
Explore rate: 0.9450531310740419
Average reward: 0.1504424778761062
Training...


--- Game 114 ---
Score: 0
Record: 1
Explore rate: 0.9445806045085049
Average reward: 0.14912280701754385
Training...


--- Game 115 ---
Score: 0
Record: 1
Explore rate: 0.9441083142062507
Average reward: 0.14782608695652175
Training...


--- Game 116 ---
Score: 0
Record: 1
Explore rate: 0.9436362600491477
Average reward: 0.14655172413793102
Training...


--- Game 117 ---
Score: 0
Record: 1
Explore rate: 0.9431644419191232
Average reward: 0.1452991452991453
Training...


--- Game 118 ---
Score: 0
Record: 1
Explore rate: 0.9426928596981636
Average reward: 0.1440677966101695
Training...


--- Game 119 ---
Score: 0
Record: 1
Explore rate: 0.9422215132683146
Average reward: 0.14285714285714285
Training...


--- Game 120 ---
Score: 1
Record: 1
Explore rate: 0.9417504025116805
Average reward: 0.15
-- Saved weights to snake_pixel_gpu.pth --
Training...


--- Game 121 ---
Score: 0
Record: 1
Explore rate: 0.9412795273104247
Average reward: 0.1487603305785124
Training...


--- Game 122 ---
Score: 0
Record: 1
Explore rate: 0.9408088875467696
Average reward: 0.14754098360655737
Training...


--- Game 123 ---
Score: 0
Record: 1
Explore rate: 0.9403384831029963
Average reward: 0.14634146341463414
Training...


--- Game 124 ---
Score: 0
Record: 1
Explore rate: 0.9398683138614449
Average reward: 0.14516129032258066
Training...


--- Game 125 ---
Score: 0
Record: 1
Explore rate: 0.9393983797045142
Average reward: 0.144
Training...


--- Game 126 ---
Score: 0
Record: 1
Explore rate: 0.938928680514662
Average reward: 0.14285714285714285
Training...


--- Game 127 ---
Score: 0
Record: 1
Explore rate: 0.9384592161744048
Average reward: 0.14173228346456693
Training...


--- Game 128 ---
Score: 0
Record: 1
Explore rate: 0.9379899865663176
Average reward: 0.140625
Training...


--- Game 129 ---
Score: 0
Record: 1
Explore rate: 0.9375209915730345
Average reward: 0.13953488372093023
Training...


--- Game 130 ---
Score: 0
Record: 1
Explore rate: 0.937052231077248
Average reward: 0.13846153846153847
Training...


--- Game 131 ---
Score: 0
Record: 1
Explore rate: 0.9365837049617094
Average reward: 0.13740458015267176
Training...


--- Game 132 ---
Score: 0
Record: 1
Explore rate: 0.9361154131092286
Average reward: 0.13636363636363635
Training...


--- Game 133 ---
Score: 1
Record: 1
Explore rate: 0.9356473554026741
Average reward: 0.14285714285714285
-- Saved weights to snake_pixel_gpu.pth --
Training...


--- Game 134 ---
Score: 0
Record: 1
Explore rate: 0.9351795317249728
Average reward: 0.1417910447761194
Training...


--- Game 135 ---
Score: 0
Record: 1
Explore rate: 0.9347119419591103
Average reward: 0.14074074074074075
Training...


--- Game 136 ---
Score: 0
Record: 1
Explore rate: 0.9342445859881309
Average reward: 0.13970588235294118
Training...


--- Game 137 ---
Score: 0
Record: 1
Explore rate: 0.9337774636951368
Average reward: 0.1386861313868613
Training...


--- Game 138 ---
Score: 0
Record: 1
Explore rate: 0.9333105749632893
Average reward: 0.13768115942028986
Training...


--- Game 139 ---
Score: 0
Record: 1
Explore rate: 0.9328439196758077
Average reward: 0.1366906474820144
Training...


--- Game 140 ---
Score: 1
Record: 1
Explore rate: 0.9323774977159699
Average reward: 0.14285714285714285
-- Saved weights to snake_pixel_gpu.pth --
Training...


--- Game 141 ---
Score: 1
Record: 1
Explore rate: 0.9319113089671119
Average reward: 0.14893617021276595
-- Saved weights to snake_pixel_gpu.pth --
Training...


--- Game 142 ---
Score: 1
Record: 1
Explore rate: 0.9314453533126285
Average reward: 0.15492957746478872
-- Saved weights to snake_pixel_gpu.pth --
Training...


--- Game 143 ---
Score: 0
Record: 1
Explore rate: 0.9309796306359722
Average reward: 0.15384615384615385
Training...


--- Game 144 ---
Score: 0
Record: 1
Explore rate: 0.9305141408206543
Average reward: 0.1527777777777778
Training...


--- Game 145 ---
Score: 0
Record: 1
Explore rate: 0.9300488837502441
Average reward: 0.15172413793103448
Training...


--- Game 146 ---
Score: 1
Record: 1
Explore rate: 0.9295838593083691
Average reward: 0.15753424657534246
-- Saved weights to snake_pixel_gpu.pth --
Training...


--- Game 147 ---
Score: 0
Record: 1
Explore rate: 0.929119067378715
Average reward: 0.1564625850340136
Training...


--- Game 148 ---
Score: 0
Record: 1
Explore rate: 0.9286545078450257
Average reward: 0.1554054054054054
Training...


--- Game 149 ---
Score: 0
Record: 1
Explore rate: 0.9281901805911033
Average reward: 0.15436241610738255
Training...


--- Game 150 ---
Score: 1
Record: 1
Explore rate: 0.9277260855008077
Average reward: 0.16
-- Saved weights to snake_pixel_gpu.pth --
Training...


--- Game 151 ---
Score: 0
Record: 1
Explore rate: 0.9272622224580573
Average reward: 0.15894039735099338
Training...


--- Game 152 ---
Score: 0
Record: 1
Explore rate: 0.9267985913468284
Average reward: 0.15789473684210525
Training...


--- Game 153 ---
Score: 0
Record: 1
Explore rate: 0.926335192051155
Average reward: 0.1568627450980392
Training...


--- Game 154 ---
Score: 0
Record: 1
Explore rate: 0.9258720244551295
Average reward: 0.15584415584415584
Training...


--- Game 155 ---
Score: 0
Record: 1
Explore rate: 0.925409088442902
Average reward: 0.15483870967741936
Training...


--- Game 156 ---
Score: 0
Record: 1
Explore rate: 0.9249463838986807
Average reward: 0.15384615384615385
Training...


--- Game 157 ---
Score: 1
Record: 1
Explore rate: 0.9244839107067314
Average reward: 0.1592356687898089
-- Saved weights to snake_pixel_gpu.pth --
Training...


--- Game 158 ---
Score: 0
Record: 1
Explore rate: 0.9240216687513781
Average reward: 0.15822784810126583
Training...


--- Game 159 ---
Score: 0
Record: 1
Explore rate: 0.9235596579170025
Average reward: 0.15723270440251572
Training...


--- Game 160 ---
Score: 0
Record: 1
Explore rate: 0.923097878088044
Average reward: 0.15625
Training...


--- Game 161 ---
Score: 0
Record: 1
Explore rate: 0.9226363291490001
Average reward: 0.15527950310559005
Training...


--- Game 162 ---
Score: 0
Record: 1
Explore rate: 0.9221750109844257
Average reward: 0.15432098765432098
Training...


--- Game 163 ---
Score: 0
Record: 1
Explore rate: 0.9217139234789336
Average reward: 0.15337423312883436
Training...


--- Game 164 ---
Score: 0
Record: 1
Explore rate: 0.9212530665171942
Average reward: 0.1524390243902439
Training...


--- Game 165 ---
Score: 0
Record: 1
Explore rate: 0.9207924399839357
Average reward: 0.15151515151515152
Training...


--- Game 166 ---
Score: 1
Record: 1
Explore rate: 0.9203320437639437
Average reward: 0.1566265060240964
-- Saved weights to snake_pixel_gpu.pth --
Training...


--- Game 167 ---
Score: 0
Record: 1
Explore rate: 0.9198718777420618
Average reward: 0.15568862275449102
Training...


--- Game 168 ---
Score: 1
Record: 1
Explore rate: 0.9194119418031909
Average reward: 0.16071428571428573
-- Saved weights to snake_pixel_gpu.pth --
Training...


--- Game 169 ---
Score: 0
Record: 1
Explore rate: 0.9189522358322894
Average reward: 0.15976331360946747
Training...


--- Game 170 ---
Score: 0
Record: 1
Explore rate: 0.9184927597143733
Average reward: 0.1588235294117647
Training...


--- Game 171 ---
Score: 0
Record: 1
Explore rate: 0.9180335133345161
Average reward: 0.15789473684210525
Training...


--- Game 172 ---
Score: 0
Record: 1
Explore rate: 0.917574496577849
Average reward: 0.1569767441860465
Training...


--- Game 173 ---
Score: 0
Record: 1
Explore rate: 0.9171157093295601
Average reward: 0.15606936416184972
Training...


--- Game 174 ---
Score: 1
Record: 1
Explore rate: 0.9166571514748953
Average reward: 0.16091954022988506
-- Saved weights to snake_pixel_gpu.pth --
Training...


--- Game 175 ---
Score: 0
Record: 1
Explore rate: 0.916198822899158
Average reward: 0.16
Training...


--- Game 176 ---
Score: 1
Record: 1
Explore rate: 0.9157407234877085
Average reward: 0.16477272727272727
-- Saved weights to snake_pixel_gpu.pth --
Training...


--- Game 177 ---
Score: 0
Record: 1
Explore rate: 0.9152828531259647
Average reward: 0.1638418079096045
Training...


--- Game 178 ---
Score: 1
Record: 1
Explore rate: 0.9148252116994018
Average reward: 0.16853932584269662
-- Saved weights to snake_pixel_gpu.pth --
Training...


--- Game 179 ---
Score: 0
Record: 1
Explore rate: 0.9143677990935521
Average reward: 0.16759776536312848
Training...


--- Game 180 ---
Score: 0
Record: 1
Explore rate: 0.9139106151940054
Average reward: 0.16666666666666666
Training...


--- Game 181 ---
Score: 0
Record: 1
Explore rate: 0.9134536598864085
Average reward: 0.16574585635359115
Training...


--- Game 182 ---
Score: 0
Record: 1
Explore rate: 0.9129969330564653
Average reward: 0.16483516483516483
Training...


--- Game 183 ---
Score: 0
Record: 1
Explore rate: 0.9125404345899372
Average reward: 0.16393442622950818
Training...


--- Game 184 ---
Score: 0
Record: 1
Explore rate: 0.9120841643726423
Average reward: 0.16304347826086957
Training...


--- Game 185 ---
Score: 0
Record: 1
Explore rate: 0.911628122290456
Average reward: 0.16216216216216217
Training...


--- Game 186 ---
Score: 0
Record: 1
Explore rate: 0.9111723082293108
Average reward: 0.16129032258064516
Training...


--- Game 187 ---
Score: 0
Record: 1
Explore rate: 0.9107167220751963
Average reward: 0.16042780748663102
Training...


--- Game 188 ---
Score: 0
Record: 1
Explore rate: 0.9102613637141588
Average reward: 0.1595744680851064
Training...


--- Game 189 ---
Score: 0
Record: 1
Explore rate: 0.9098062330323018
Average reward: 0.15873015873015872
Training...


--- Game 190 ---
Score: 0
Record: 1
Explore rate: 0.9093513299157857
Average reward: 0.15789473684210525
Training...


--- Game 191 ---
Score: 0
Record: 1
Explore rate: 0.9088966542508279
Average reward: 0.15706806282722513
Training...


--- Game 192 ---
Score: 0
Record: 1
Explore rate: 0.9084422059237025
Average reward: 0.15625
Training...


--- Game 193 ---
Score: 0
Record: 1
Explore rate: 0.9079879848207407
Average reward: 0.15544041450777202
Training...


--- Game 194 ---
Score: 0
Record: 1
Explore rate: 0.9075339908283304
Average reward: 0.15463917525773196
Training...


--- Game 195 ---
Score: 0
Record: 1
Explore rate: 0.9070802238329163
Average reward: 0.15384615384615385
Training...


--- Game 196 ---
Score: 0
Record: 1
Explore rate: 0.9066266837209999
Average reward: 0.15306122448979592
Training...


--- Game 197 ---
Score: 1
Record: 1
Explore rate: 0.9061733703791394
Average reward: 0.15736040609137056
-- Saved weights to snake_pixel_gpu.pth --
Training...


--- Game 198 ---
Score: 0
Record: 1
Explore rate: 0.9057202836939499
Average reward: 0.15656565656565657
Training...


--- Game 199 ---
Score: 0
Record: 1
Explore rate: 0.9052674235521029
Average reward: 0.15577889447236182
Training...


--- Game 200 ---
Score: 0
Record: 1
Explore rate: 0.9048147898403269
Average reward: 0.155
Training...


--- Game 201 ---
Score: 0
Record: 1
Explore rate: 0.9043623824454068
Average reward: 0.15422885572139303
Training...


--- Game 202 ---
Score: 0
Record: 1
Explore rate: 0.9039102012541841
Average reward: 0.15346534653465346
Training...


--- Game 203 ---
Score: 0
Record: 1
Explore rate: 0.9034582461535571
Average reward: 0.15270935960591134
Training...


--- Game 204 ---
Score: 1
Record: 1
Explore rate: 0.9030065170304803
Average reward: 0.1568627450980392
-- Saved weights to snake_pixel_gpu.pth --
Training...


--- Game 205 ---
Score: 0
Record: 1
Explore rate: 0.9025550137719651
Average reward: 0.15609756097560976
Training...


--- Game 206 ---
Score: 0
Record: 1
Explore rate: 0.9021037362650792
Average reward: 0.1553398058252427
Training...


--- Game 207 ---
Score: 0
Record: 1
Explore rate: 0.9016526843969468
Average reward: 0.15458937198067632
Training...


--- Game 208 ---
Score: 0
Record: 1
Explore rate: 0.9012018580547484
Average reward: 0.15384615384615385
Training...


--- Game 209 ---
Score: 0
Record: 1
Explore rate: 0.900751257125721
Average reward: 0.15311004784688995
Training...


--- Game 210 ---
Score: 0
Record: 1
Explore rate: 0.9003008814971583
Average reward: 0.1523809523809524
Training...


--- Game 211 ---
Score: 0
Record: 1
Explore rate: 0.8998507310564098
Average reward: 0.15165876777251186
Training...


--- Game 212 ---
Score: 0
Record: 1
Explore rate: 0.8994008056908817
Average reward: 0.1509433962264151
Training...


--- Game 213 ---
Score: 0
Record: 1
Explore rate: 0.8989511052880362
Average reward: 0.15023474178403756
Training...


--- Game 214 ---
Score: 0
Record: 1
Explore rate: 0.8985016297353923
Average reward: 0.14953271028037382
Training...


--- Game 215 ---
Score: 0
Record: 1
Explore rate: 0.8980523789205246
Average reward: 0.14883720930232558
Training...


--- Game 216 ---
Score: 0
Record: 1
Explore rate: 0.8976033527310644
Average reward: 0.14814814814814814
Training...


--- Game 217 ---
Score: 1
Record: 1
Explore rate: 0.8971545510546989
Average reward: 0.15207373271889402
-- Saved weights to snake_pixel_gpu.pth --
Training...


--- Game 218 ---
Score: 0
Record: 1
Explore rate: 0.8967059737791716
Average reward: 0.15137614678899083
Training...


--- Game 219 ---
Score: 0
Record: 1
Explore rate: 0.8962576207922821
Average reward: 0.1506849315068493
Training...


--- Game 220 ---
Score: 0
Record: 1
Explore rate: 0.895809491981886
Average reward: 0.15
Training...


--- Game 221 ---
Score: 0
Record: 1
Explore rate: 0.8953615872358951
Average reward: 0.1493212669683258
Training...


--- Game 222 ---
Score: 0
Record: 1
Explore rate: 0.8949139064422772
Average reward: 0.14864864864864866
Training...


--- Game 223 ---
Score: 0
Record: 1
Explore rate: 0.8944664494890561
Average reward: 0.14798206278026907
Training...


--- Game 224 ---
Score: 0
Record: 1
Explore rate: 0.8940192162643116
Average reward: 0.14732142857142858
Training...


--- Game 225 ---
Score: 0
Record: 1
Explore rate: 0.8935722066561794
Average reward: 0.14666666666666667
Training...


--- Game 226 ---
Score: 0
Record: 1
Explore rate: 0.8931254205528514
Average reward: 0.14601769911504425
Training...


--- Game 227 ---
Score: 0
Record: 1
Explore rate: 0.8926788578425751
Average reward: 0.14537444933920704
Training...


--- Game 228 ---
Score: 0
Record: 1
Explore rate: 0.8922325184136538
Average reward: 0.14473684210526316
Training...


--- Game 229 ---
Score: 0
Record: 1
Explore rate: 0.891786402154447
Average reward: 0.14410480349344978
Training...


--- Game 230 ---
Score: 0
Record: 1
Explore rate: 0.8913405089533699
Average reward: 0.14347826086956522
Training...


--- Game 231 ---
Score: 0
Record: 1
Explore rate: 0.8908948386988933
Average reward: 0.14285714285714285
Training...


--- Game 232 ---
Score: 0
Record: 1
Explore rate: 0.8904493912795439
Average reward: 0.14224137931034483
Training...


--- Game 233 ---
Score: 0
Record: 1
Explore rate: 0.8900041665839042
Average reward: 0.14163090128755365
Training...


--- Game 234 ---
Score: 0
Record: 1
Explore rate: 0.8895591645006123
Average reward: 0.14102564102564102
Training...


--- Game 235 ---
Score: 1
Record: 1
Explore rate: 0.889114384918362
Average reward: 0.14468085106382977
-- Saved weights to snake_pixel_gpu.pth --
Training...


--- Game 236 ---
Score: 0
Record: 1
Explore rate: 0.8886698277259029
Average reward: 0.1440677966101695
Training...


--- Game 237 ---
Score: 1
Record: 1
Explore rate: 0.88822549281204
Average reward: 0.14767932489451477
-- Saved weights to snake_pixel_gpu.pth --
Training...


--- Game 238 ---
Score: 0
Record: 1
Explore rate: 0.887781380065634
Average reward: 0.14705882352941177
Training...


--- Game 239 ---
Score: 0
Record: 1
Explore rate: 0.8873374893756012
Average reward: 0.14644351464435146
Training...


--- Game 240 ---
Score: 0
Record: 1
Explore rate: 0.8868938206309135
Average reward: 0.14583333333333334
Training...


--- Game 241 ---
Score: 0
Record: 1
Explore rate: 0.8864503737205981
Average reward: 0.14522821576763487
Training...


--- Game 242 ---
Score: 1
Record: 1
Explore rate: 0.8860071485337379
Average reward: 0.1487603305785124
-- Saved weights to snake_pixel_gpu.pth --
Training...


--- Game 243 ---
Score: 0
Record: 1
Explore rate: 0.885564144959471
Average reward: 0.14814814814814814
Training...


--- Game 244 ---
Score: 0
Record: 1
Explore rate: 0.8851213628869913
Average reward: 0.14754098360655737
Training...


--- Game 245 ---
Score: 1
Record: 1
Explore rate: 0.8846788022055478
Average reward: 0.1510204081632653
-- Saved weights to snake_pixel_gpu.pth --
Training...


--- Game 246 ---
Score: 0
Record: 1
Explore rate: 0.8842364628044451
Average reward: 0.15040650406504066
Training...


--- Game 247 ---
Score: 0
Record: 1
Explore rate: 0.883794344573043
Average reward: 0.14979757085020243
Training...


--- Game 248 ---
Score: 0
Record: 1
Explore rate: 0.8833524474007565
Average reward: 0.14919354838709678
Training...


--- Game 249 ---
Score: 0
Record: 1
Explore rate: 0.8829107711770562
Average reward: 0.14859437751004015
Training...


--- Game 250 ---
Score: 0
Record: 1
Explore rate: 0.8824693157914677
Average reward: 0.148
Training...


--- Game 251 ---
Score: 0
Record: 1
Explore rate: 0.882028081133572
Average reward: 0.14741035856573706
Training...


--- Game 252 ---
Score: 0
Record: 1
Explore rate: 0.8815870670930053
Average reward: 0.14682539682539683
Training...


--- Game 253 ---
Score: 0
Record: 1
Explore rate: 0.8811462735594588
Average reward: 0.14624505928853754
Training...


--- Game 254 ---
Score: 0
Record: 1
Explore rate: 0.8807057004226791
Average reward: 0.14566929133858267
Training...


--- Game 255 ---
Score: 0
Record: 1
Explore rate: 0.8802653475724679
Average reward: 0.1450980392156863
Training...


--- Game 256 ---
Score: 0
Record: 1
Explore rate: 0.8798252148986817
Average reward: 0.14453125
Training...


--- Game 257 ---
Score: 0
Record: 1
Explore rate: 0.8793853022912325
Average reward: 0.14396887159533073
Training...


--- Game 258 ---
Score: 0
Record: 1
Explore rate: 0.8789456096400869
Average reward: 0.1434108527131783
Training...


--- Game 259 ---
Score: 0
Record: 1
Explore rate: 0.8785061368352669
Average reward: 0.14285714285714285
Training...


--- Game 260 ---
Score: 0
Record: 1
Explore rate: 0.8780668837668493
Average reward: 0.1423076923076923
Training...


--- Game 261 ---
Score: 0
Record: 1
Explore rate: 0.8776278503249659
Average reward: 0.1417624521072797
Training...


--- Game 262 ---
Score: 0
Record: 1
Explore rate: 0.8771890363998035
Average reward: 0.14122137404580154
Training...


--- Game 263 ---
Score: 0
Record: 1
Explore rate: 0.8767504418816037
Average reward: 0.14068441064638784
Training...


--- Game 264 ---
Score: 0
Record: 1
Explore rate: 0.876312066660663
Average reward: 0.14015151515151514
Training...


--- Game 265 ---
Score: 0
Record: 1
Explore rate: 0.8758739106273327
Average reward: 0.13962264150943396
Training...


--- Game 266 ---
Score: 0
Record: 1
Explore rate: 0.8754359736720191
Average reward: 0.13909774436090225
Training...


--- Game 267 ---
Score: 0
Record: 1
Explore rate: 0.8749982556851831
Average reward: 0.13857677902621723
Training...


--- Game 268 ---
Score: 0
Record: 1
Explore rate: 0.8745607565573406
Average reward: 0.13805970149253732
Training...


--- Game 269 ---
Score: 0
Record: 1
Explore rate: 0.8741234761790619
Average reward: 0.137546468401487
Training...


--- Game 270 ---
Score: 1
Record: 1
Explore rate: 0.8736864144409725
Average reward: 0.14074074074074075
-- Saved weights to snake_pixel_gpu.pth --
Training...


--- Game 271 ---
Score: 0
Record: 1
Explore rate: 0.873249571233752
Average reward: 0.14022140221402213
Training...


--- Game 272 ---
Score: 0
Record: 1
Explore rate: 0.8728129464481352
Average reward: 0.13970588235294118
Training...


--- Game 273 ---
Score: 0
Record: 1
Explore rate: 0.8723765399749112
Average reward: 0.1391941391941392
Training...


--- Game 274 ---
Score: 0
Record: 1
Explore rate: 0.8719403517049238
Average reward: 0.1386861313868613
Training...


--- Game 275 ---
Score: 0
Record: 1
Explore rate: 0.8715043815290714
Average reward: 0.13818181818181818
Training...


--- Game 276 ---
Score: 0
Record: 1
Explore rate: 0.8710686293383069
Average reward: 0.13768115942028986
Training...


--- Game 277 ---
Score: 0
Record: 1
Explore rate: 0.8706330950236377
Average reward: 0.1371841155234657
Training...


--- Game 278 ---
Score: 0
Record: 1
Explore rate: 0.870197778476126
Average reward: 0.1366906474820144
Training...


--- Game 279 ---
Score: 0
Record: 1
Explore rate: 0.869762679586888
Average reward: 0.13620071684587814
Training...


--- Game 280 ---
Score: 0
Record: 1
Explore rate: 0.8693277982470946
Average reward: 0.1357142857142857
Training...


--- Game 281 ---
Score: 0
Record: 1
Explore rate: 0.8688931343479711
Average reward: 0.13523131672597866
Training...


--- Game 282 ---
Score: 1
Record: 1
Explore rate: 0.8684586877807972
Average reward: 0.13829787234042554
-- Saved weights to snake_pixel_gpu.pth --
Training...


--- Game 283 ---
Score: 0
Record: 1
Explore rate: 0.8680244584369068
Average reward: 0.13780918727915195
Training...


--- Game 284 ---
Score: 0
Record: 1
Explore rate: 0.8675904462076884
Average reward: 0.13732394366197184
Training...


--- Game 285 ---
Score: 0
Record: 1
Explore rate: 0.8671566509845846
Average reward: 0.1368421052631579
Training...


--- Game 286 ---
Score: 0
Record: 1
Explore rate: 0.8667230726590923
Average reward: 0.13636363636363635
Training...


--- Game 287 ---
Score: 0
Record: 1
Explore rate: 0.8662897111227629
Average reward: 0.13588850174216027
Training...


--- Game 288 ---
Score: 0
Record: 1
Explore rate: 0.8658565662672015
Average reward: 0.13541666666666666
Training...


--- Game 289 ---
Score: 0
Record: 1
Explore rate: 0.865423637984068
Average reward: 0.13494809688581316
Training...


--- Game 290 ---
Score: 0
Record: 1
Explore rate: 0.864990926165076
Average reward: 0.13448275862068965
Training...


--- Game 291 ---
Score: 0
Record: 1
Explore rate: 0.8645584307019936
Average reward: 0.13402061855670103
Training...


--- Game 292 ---
Score: 1
Record: 1
Explore rate: 0.8641261514866426
Average reward: 0.136986301369863
-- Saved weights to snake_pixel_gpu.pth --
Training...


--- Game 293 ---
Score: 1
Record: 1
Explore rate: 0.8636940884108993
Average reward: 0.13993174061433447
-- Saved weights to snake_pixel_gpu.pth --
Training...


--- Game 294 ---
Score: 0
Record: 1
Explore rate: 0.8632622413666939
Average reward: 0.13945578231292516
Training...


--- Game 295 ---
Score: 0
Record: 1
Explore rate: 0.8628306102460106
Average reward: 0.13898305084745763
Training...


--- Game 296 ---
Score: 0
Record: 1
Explore rate: 0.8623991949408877
Average reward: 0.13851351351351351
Training...


--- Game 297 ---
Score: 0
Record: 1
Explore rate: 0.8619679953434173
Average reward: 0.13804713804713806
Training...


--- Game 298 ---
Score: 0
Record: 1
Explore rate: 0.8615370113457457
Average reward: 0.13758389261744966
Training...


--- Game 299 ---
Score: 0
Record: 1
Explore rate: 0.8611062428400729
Average reward: 0.13712374581939799
Training...


--- Game 300 ---
Score: 0
Record: 1
Explore rate: 0.8606756897186528
Average reward: 0.13666666666666666
Training...


--- Game 301 ---
Score: 1
Record: 1
Explore rate: 0.8602453518737936
Average reward: 0.13953488372093023
-- Saved weights to snake_pixel_gpu.pth --
Training...


--- Game 302 ---
Score: 0
Record: 1
Explore rate: 0.8598152291978567
Average reward: 0.1390728476821192
Training...


--- Game 303 ---
Score: 0
Record: 1
Explore rate: 0.8593853215832578
Average reward: 0.13861386138613863
Training...


--- Game 304 ---
Score: 0
Record: 1
Explore rate: 0.8589556289224661
Average reward: 0.13815789473684212
Training...


--- Game 305 ---
Score: 0
Record: 1
Explore rate: 0.8585261511080049
Average reward: 0.1377049180327869
Training...


--- Game 306 ---
Score: 0
Record: 1
Explore rate: 0.858096888032451
Average reward: 0.13725490196078433
Training...


--- Game 307 ---
Score: 1
Record: 1
Explore rate: 0.8576678395884348
Average reward: 0.14006514657980457
-- Saved weights to snake_pixel_gpu.pth --
Training...


--- Game 308 ---
Score: 0
Record: 1
Explore rate: 0.8572390056686406
Average reward: 0.1396103896103896
Training...


--- Game 309 ---
Score: 0
Record: 1
Explore rate: 0.8568103861658064
Average reward: 0.13915857605177995
Training...


--- Game 310 ---
Score: 0
Record: 1
Explore rate: 0.8563819809727236
Average reward: 0.13870967741935483
Training...


--- Game 311 ---
Score: 0
Record: 1
Explore rate: 0.8559537899822373
Average reward: 0.1382636655948553
Training...


--- Game 312 ---
Score: 0
Record: 1
Explore rate: 0.8555258130872462
Average reward: 0.13782051282051283
Training...


--- Game 313 ---
Score: 0
Record: 1
Explore rate: 0.8550980501807026
Average reward: 0.13738019169329074
Training...


--- Game 314 ---
Score: 0
Record: 1
Explore rate: 0.8546705011556123
Average reward: 0.13694267515923567
Training...


--- Game 315 ---
Score: 1
Record: 1
Explore rate: 0.8542431659050345
Average reward: 0.13968253968253969
-- Saved weights to snake_pixel_gpu.pth --
Training...


--- Game 316 ---
Score: 1
Record: 1
Explore rate: 0.853816044322082
Average reward: 0.14240506329113925
-- Saved weights to snake_pixel_gpu.pth --
Training...


--- Game 317 ---
Score: 0
Record: 1
Explore rate: 0.8533891362999211
Average reward: 0.14195583596214512
Training...


--- Game 318 ---
Score: 0
Record: 1
Explore rate: 0.8529624417317712
Average reward: 0.14150943396226415
Training...


--- Game 319 ---
Score: 0
Record: 1
Explore rate: 0.8525359605109053
Average reward: 0.14106583072100312
Training...


--- Game 320 ---
Score: 0
Record: 1
Explore rate: 0.8521096925306499
Average reward: 0.140625
Training...


--- Game 321 ---
Score: 0
Record: 1
Explore rate: 0.8516836376843847
Average reward: 0.14018691588785046
Training...


--- Game 322 ---
Score: 0
Record: 1
Explore rate: 0.8512577958655425
Average reward: 0.13975155279503104
Training...


--- Game 323 ---
Score: 0
Record: 1
Explore rate: 0.8508321669676098
Average reward: 0.1393188854489164
Training...


--- Game 324 ---
Score: 1
Record: 1
Explore rate: 0.850406750884126
Average reward: 0.1419753086419753
-- Saved weights to snake_pixel_gpu.pth --
Training...


--- Game 325 ---
Score: 0
Record: 1
Explore rate: 0.8499815475086839
Average reward: 0.14153846153846153
Training...


--- Game 326 ---
Score: 0
Record: 1
Explore rate: 0.8495565567349297
Average reward: 0.1411042944785276
Training...


--- Game 327 ---
Score: 0
Record: 1
Explore rate: 0.8491317784565623
Average reward: 0.14067278287461774
Training...


--- Game 328 ---
Score: 0
Record: 1
Explore rate: 0.8487072125673341
Average reward: 0.1402439024390244
Training...


--- Game 329 ---
Score: 0
Record: 1
Explore rate: 0.8482828589610505
Average reward: 0.1398176291793313
Training...


--- Game 330 ---
Score: 1
Record: 1
Explore rate: 0.84785871753157
Average reward: 0.14242424242424243
-- Saved weights to snake_pixel_gpu.pth --
Training...


--- Game 331 ---
Score: 0
Record: 1
Explore rate: 0.8474347881728043
Average reward: 0.1419939577039275
Training...


--- Game 332 ---
Score: 0
Record: 1
Explore rate: 0.847011070778718
Average reward: 0.14156626506024098
Training...


--- Game 333 ---
Score: 0
Record: 1
Explore rate: 0.8465875652433287
Average reward: 0.14114114114114115
Training...


--- Game 334 ---
Score: 0
Record: 1
Explore rate: 0.846164271460707
Average reward: 0.1407185628742515
Training...


--- Game 335 ---
Score: 0
Record: 1
Explore rate: 0.8457411893249768
Average reward: 0.14029850746268657
Training...


--- Game 336 ---
Score: 0
Record: 1
Explore rate: 0.8453183187303144
Average reward: 0.13988095238095238
Training...


--- Game 337 ---
Score: 0
Record: 1
Explore rate: 0.8448956595709493
Average reward: 0.1394658753709199
Training...


--- Game 338 ---
Score: 0
Record: 1
Explore rate: 0.8444732117411639
Average reward: 0.1390532544378698
Training...


--- Game 339 ---
Score: 0
Record: 1
Explore rate: 0.8440509751352934
Average reward: 0.13864306784660768
Training...


--- Game 340 ---
Score: 0
Record: 1
Explore rate: 0.8436289496477257
Average reward: 0.13823529411764707
Training...


--- Game 341 ---
Score: 1
Record: 1
Explore rate: 0.8432071351729019
Average reward: 0.14076246334310852
-- Saved weights to snake_pixel_gpu.pth --
Training...


--- Game 342 ---
Score: 0
Record: 1
Explore rate: 0.8427855316053156
Average reward: 0.14035087719298245
Training...


--- Game 343 ---
Score: 0
Record: 1
Explore rate: 0.8423641388395129
Average reward: 0.13994169096209913
Training...


--- Game 344 ---
Score: 0
Record: 1
Explore rate: 0.8419429567700932
Average reward: 0.13953488372093023
Training...


--- Game 345 ---
Score: 0
Record: 1
Explore rate: 0.8415219852917082
Average reward: 0.1391304347826087
Training...


--- Game 346 ---
Score: 0
Record: 1
Explore rate: 0.8411012242990624
Average reward: 0.13872832369942195
Training...


--- Game 347 ---
Score: 0
Record: 1
Explore rate: 0.8406806736869129
Average reward: 0.138328530259366
Training...


--- Game 348 ---
Score: 1
Record: 1
Explore rate: 0.8402603333500694
Average reward: 0.14080459770114942
-- Saved weights to snake_pixel_gpu.pth --
Training...


--- Game 349 ---
Score: 0
Record: 1
Explore rate: 0.8398402031833945
Average reward: 0.14040114613180515
Training...


--- Game 350 ---
Score: 0
Record: 1
Explore rate: 0.8394202830818028
Average reward: 0.14
Training...


--- Game 351 ---
Score: 0
Record: 1
Explore rate: 0.839000572940262
Average reward: 0.1396011396011396
Training...


--- Game 352 ---
Score: 0
Record: 1
Explore rate: 0.8385810726537919
Average reward: 0.13920454545454544
Training...


--- Game 353 ---
Score: 0
Record: 1
Explore rate: 0.8381617821174651
Average reward: 0.1388101983002833
Training...


--- Game 354 ---
Score: 0
Record: 1
Explore rate: 0.8377427012264064
Average reward: 0.1384180790960452
Training...


--- Game 355 ---
Score: 0
Record: 1
Explore rate: 0.8373238298757932
Average reward: 0.13802816901408452
Training...


--- Game 356 ---
Score: 0
Record: 1
Explore rate: 0.8369051679608553
Average reward: 0.13764044943820225
Training...


--- Game 357 ---
Score: 0
Record: 1
Explore rate: 0.8364867153768749
Average reward: 0.13725490196078433
Training...


--- Game 358 ---
Score: 0
Record: 1
Explore rate: 0.8360684720191865
Average reward: 0.13687150837988826
Training...


--- Game 359 ---
Score: 0
Record: 1
Explore rate: 0.835650437783177
Average reward: 0.13649025069637882
Training...


--- Game 360 ---
Score: 0
Record: 1
Explore rate: 0.8352326125642855
Average reward: 0.1361111111111111
Training...


--- Game 361 ---
Score: 0
Record: 1
Explore rate: 0.8348149962580034
Average reward: 0.13573407202216067
Training...


--- Game 362 ---
Score: 0
Record: 1
Explore rate: 0.8343975887598745
Average reward: 0.13535911602209943
Training...


--- Game 363 ---
Score: 1
Record: 1
Explore rate: 0.8339803899654946
Average reward: 0.13774104683195593
-- Saved weights to snake_pixel_gpu.pth --
Training...


--- Game 364 ---
Score: 0
Record: 1
Explore rate: 0.833563399770512
Average reward: 0.13736263736263737
Training...


--- Game 365 ---
Score: 0
Record: 1
Explore rate: 0.8331466180706267
Average reward: 0.136986301369863
Training...


--- Game 366 ---
Score: 0
Record: 1
Explore rate: 0.8327300447615915
Average reward: 0.1366120218579235
Training...


--- Game 367 ---
Score: 1
Record: 1
Explore rate: 0.8323136797392108
Average reward: 0.13896457765667575
-- Saved weights to snake_pixel_gpu.pth --
Training...


--- Game 368 ---
Score: 0
Record: 1
Explore rate: 0.8318975228993413
Average reward: 0.13858695652173914
Training...


--- Game 369 ---
Score: 0
Record: 1
Explore rate: 0.8314815741378917
Average reward: 0.13821138211382114
Training...


--- Game 370 ---
Score: 0
Record: 1
Explore rate: 0.8310658333508228
Average reward: 0.13783783783783785
Training...


--- Game 371 ---
Score: 0
Record: 1
Explore rate: 0.8306503004341474
Average reward: 0.13746630727762804
Training...


--- Game 372 ---
Score: 0
Record: 1
Explore rate: 0.8302349752839304
Average reward: 0.13709677419354838
Training...


--- Game 373 ---
Score: 0
Record: 1
Explore rate: 0.8298198577962885
Average reward: 0.13672922252010725
Training...


--- Game 374 ---
Score: 0
Record: 1
Explore rate: 0.8294049478673904
Average reward: 0.13636363636363635
Training...


--- Game 375 ---
Score: 0
Record: 1
Explore rate: 0.8289902453934568
Average reward: 0.136
Training...


--- Game 376 ---
Score: 0
Record: 1
Explore rate: 0.8285757502707601
Average reward: 0.1356382978723404
Training...


--- Game 377 ---
Score: 0
Record: 1
Explore rate: 0.8281614623956248
Average reward: 0.13527851458885942
Training...


--- Game 378 ---
Score: 0
Record: 1
Explore rate: 0.8277473816644271
Average reward: 0.1349206349206349
Training...


--- Game 379 ---
Score: 1
Record: 1
Explore rate: 0.827333507973595
Average reward: 0.13720316622691292
-- Saved weights to snake_pixel_gpu.pth --
Training...


--- Game 380 ---
Score: 0
Record: 1
Explore rate: 0.8269198412196082
Average reward: 0.1368421052631579
Training...


--- Game 381 ---
Score: 1
Record: 1
Explore rate: 0.8265063812989984
Average reward: 0.13910761154855644
-- Saved weights to snake_pixel_gpu.pth --
Training...


--- Game 382 ---
Score: 0
Record: 1
Explore rate: 0.826093128108349
Average reward: 0.1387434554973822
Training...


--- Game 383 ---
Score: 1
Record: 1
Explore rate: 0.8256800815442948
Average reward: 0.1409921671018277
-- Saved weights to snake_pixel_gpu.pth --
Training...


--- Game 384 ---
Score: 0
Record: 1
Explore rate: 0.8252672415035227
Average reward: 0.140625
Training...


--- Game 385 ---
Score: 0
Record: 1
Explore rate: 0.824854607882771
Average reward: 0.14025974025974025
Training...


--- Game 386 ---
Score: 0
Record: 1
Explore rate: 0.8244421805788297
Average reward: 0.13989637305699482
Training...


--- Game 387 ---
Score: 0
Record: 1
Explore rate: 0.8240299594885403
Average reward: 0.13953488372093023
Training...


--- Game 388 ---
Score: 0
Record: 1
Explore rate: 0.8236179445087961
Average reward: 0.13917525773195877
Training...


--- Game 389 ---
Score: 0
Record: 1
Explore rate: 0.8232061355365418
Average reward: 0.13881748071979436
Training...


--- Game 390 ---
Score: 0
Record: 1
Explore rate: 0.8227945324687735
Average reward: 0.13846153846153847
Training...


--- Game 391 ---
Score: 0
Record: 1
Explore rate: 0.8223831352025393
Average reward: 0.13810741687979539
Training...


--- Game 392 ---
Score: 0
Record: 1
Explore rate: 0.821971943634938
Average reward: 0.1377551020408163
Training...


--- Game 393 ---
Score: 0
Record: 1
Explore rate: 0.8215609576631205
Average reward: 0.13740458015267176
Training...


--- Game 394 ---
Score: 0
Record: 1
Explore rate: 0.8211501771842891
Average reward: 0.13705583756345177
Training...


--- Game 395 ---
Score: 0
Record: 1
Explore rate: 0.820739602095697
Average reward: 0.13670886075949368
Training...


--- Game 396 ---
Score: 0
Record: 1
Explore rate: 0.8203292322946492
Average reward: 0.13636363636363635
Training...


--- Game 397 ---
Score: 0
Record: 1
Explore rate: 0.8199190676785019
Average reward: 0.13602015113350127
Training...


--- Game 398 ---
Score: 0
Record: 1
Explore rate: 0.8195091081446627
Average reward: 0.135678391959799
Training...


--- Game 399 ---
Score: 0
Record: 1
Explore rate: 0.8190993535905904
Average reward: 0.13533834586466165
Training...


--- Game 400 ---
Score: 0
Record: 1
Explore rate: 0.8186898039137951
Average reward: 0.135
Training...


--- Game 401 ---
Score: 0
Record: 1
Explore rate: 0.8182804590118382
Average reward: 0.13466334164588528
Training...


--- Game 402 ---
Score: 0
Record: 1
Explore rate: 0.8178713187823323
Average reward: 0.13432835820895522
Training...


--- Game 403 ---
Score: 0
Record: 1
Explore rate: 0.8174623831229412
Average reward: 0.13399503722084366
Training...


--- Game 404 ---
Score: 0
Record: 1
Explore rate: 0.8170536519313798
Average reward: 0.13366336633663367
Training...


--- Game 405 ---
Score: 0
Record: 1
Explore rate: 0.8166451251054142
Average reward: 0.13333333333333333
Training...


--- Game 406 ---
Score: 0
Record: 1
Explore rate: 0.8162368025428616
Average reward: 0.1330049261083744
Training...


--- Game 407 ---
Score: 0
Record: 1
Explore rate: 0.8158286841415902
Average reward: 0.13267813267813267
Training...


--- Game 408 ---
Score: 0
Record: 1
Explore rate: 0.8154207697995194
Average reward: 0.1323529411764706
Training...


--- Game 409 ---
Score: 0
Record: 1
Explore rate: 0.8150130594146197
Average reward: 0.13202933985330073
Training...


--- Game 410 ---
Score: 0
Record: 1
Explore rate: 0.8146055528849124
Average reward: 0.13170731707317074
Training...


--- Game 411 ---
Score: 0
Record: 1
Explore rate: 0.81419825010847
Average reward: 0.13138686131386862
Training...


--- Game 412 ---
Score: 0
Record: 1
Explore rate: 0.8137911509834158
Average reward: 0.13106796116504854
Training...


--- Game 413 ---
Score: 0
Record: 1
Explore rate: 0.8133842554079241
Average reward: 0.13075060532687652
Training...


--- Game 414 ---
Score: 1
Record: 1
Explore rate: 0.8129775632802202
Average reward: 0.13285024154589373
-- Saved weights to snake_pixel_gpu.pth --
Training...


--- Game 415 ---
Score: 0
Record: 1
Explore rate: 0.8125710744985801
Average reward: 0.13253012048192772
Training...


--- Game 416 ---
Score: 0
Record: 1
Explore rate: 0.8121647889613309
Average reward: 0.13221153846153846
Training...


--- Game 417 ---
Score: 0
Record: 1
Explore rate: 0.8117587065668503
Average reward: 0.13189448441247004
Training...


--- Game 418 ---
Score: 1
Record: 1
Explore rate: 0.8113528272135669
Average reward: 0.1339712918660287
-- Saved weights to snake_pixel_gpu.pth --
Training...


--- Game 419 ---
Score: 0
Record: 1
Explore rate: 0.8109471507999602
Average reward: 0.13365155131264916
Training...


--- Game 420 ---
Score: 1
Record: 1
Explore rate: 0.8105416772245603
Average reward: 0.1357142857142857
-- Saved weights to snake_pixel_gpu.pth --
Training...


--- Game 421 ---
Score: 0
Record: 1
Explore rate: 0.8101364063859481
Average reward: 0.13539192399049882
Training...


--- Game 422 ---
Score: 0
Record: 1
Explore rate: 0.8097313381827551
Average reward: 0.13507109004739337
Training...


--- Game 423 ---
Score: 0
Record: 1
Explore rate: 0.8093264725136637
Average reward: 0.1347517730496454
Training...


--- Game 424 ---
Score: 0
Record: 1
Explore rate: 0.808921809277407
Average reward: 0.13443396226415094
Training...


--- Game 425 ---
Score: 0
Record: 1
Explore rate: 0.8085173483727683
Average reward: 0.13411764705882354
Training...


--- Game 426 ---
Score: 0
Record: 1
Explore rate: 0.808113089698582
Average reward: 0.13380281690140844
Training...


--- Game 427 ---
Score: 0
Record: 1
Explore rate: 0.8077090331537328
Average reward: 0.13348946135831383
Training...


--- Game 428 ---
Score: 0
Record: 1
Explore rate: 0.8073051786371559
Average reward: 0.13317757009345793
Training...


--- Game 429 ---
Score: 0
Record: 1
Explore rate: 0.8069015260478374
Average reward: 0.13286713286713286
Training...


--- Game 430 ---
Score: 1
Record: 1
Explore rate: 0.8064980752848135
Average reward: 0.13488372093023257
-- Saved weights to snake_pixel_gpu.pth --
Training...


--- Game 431 ---
Score: 0
Record: 1
Explore rate: 0.8060948262471712
Average reward: 0.1345707656612529
Training...


--- Game 432 ---
Score: 0
Record: 1
Explore rate: 0.8056917788340476
Average reward: 0.13425925925925927
Training...


--- Game 433 ---
Score: 0
Record: 1
Explore rate: 0.8052889329446307
Average reward: 0.13394919168591224
Training...


--- Game 434 ---
Score: 0
Record: 1
Explore rate: 0.8048862884781584
Average reward: 0.1336405529953917
Training...


--- Game 435 ---
Score: 1
Record: 1
Explore rate: 0.8044838453339194
Average reward: 0.135632183908046
-- Saved weights to snake_pixel_gpu.pth --
Training...


--- Game 436 ---
Score: 1
Record: 1
Explore rate: 0.8040816034112525
Average reward: 0.13761467889908258
-- Saved weights to snake_pixel_gpu.pth --
Training...


--- Game 437 ---
Score: 0
Record: 1
Explore rate: 0.8036795626095469
Average reward: 0.13729977116704806
Training...


--- Game 438 ---
Score: 0
Record: 1
Explore rate: 0.8032777228282422
Average reward: 0.136986301369863
Training...


--- Game 439 ---
Score: 0
Record: 1
Explore rate: 0.8028760839668281
Average reward: 0.1366742596810934
Training...


--- Game 440 ---
Score: 0
Record: 1
Explore rate: 0.8024746459248447
Average reward: 0.13636363636363635
Training...


--- Game 441 ---
Score: 1
Record: 1
Explore rate: 0.8020734086018824
Average reward: 0.1383219954648526
-- Saved weights to snake_pixel_gpu.pth --
Training...


--- Game 442 ---
Score: 0
Record: 1
Explore rate: 0.8016723718975814
Average reward: 0.13800904977375567
Training...


--- Game 443 ---
Score: 0
Record: 1
Explore rate: 0.8012715357116327
Average reward: 0.13769751693002258
Training...


--- Game 444 ---
Score: 0
Record: 1
Explore rate: 0.8008708999437769
Average reward: 0.1373873873873874
Training...


--- Game 445 ---
Score: 0
Record: 1
Explore rate: 0.8004704644938051
Average reward: 0.13707865168539327
Training...


--- Game 446 ---
Score: 0
Record: 1
Explore rate: 0.8000702292615582
Average reward: 0.1367713004484305
Training...


--- Game 447 ---
Score: 0
Record: 1
Explore rate: 0.7996701941469275
Average reward: 0.13646532438478748
Training...


--- Game 448 ---
Score: 0
Record: 1
Explore rate: 0.7992703590498541
Average reward: 0.13616071428571427
Training...


--- Game 449 ---
Score: 0
Record: 1
Explore rate: 0.7988707238703292
Average reward: 0.1358574610244989
Training...


--- Game 450 ---
Score: 0
Record: 1
Explore rate: 0.7984712885083941
Average reward: 0.13555555555555557
Training...


--- Game 451 ---
Score: 0
Record: 1
Explore rate: 0.79807205286414
Average reward: 0.1352549889135255
Training...


--- Game 452 ---
Score: 0
Record: 1
Explore rate: 0.797673016837708
Average reward: 0.13495575221238937
Training...


--- Game 453 ---
Score: 0
Record: 1
Explore rate: 0.7972741803292892
Average reward: 0.1346578366445916
Training...


--- Game 454 ---
Score: 1
Record: 1
Explore rate: 0.7968755432391246
Average reward: 0.13656387665198239
-- Saved weights to snake_pixel_gpu.pth --
Training...


--- Game 455 ---
Score: 0
Record: 1
Explore rate: 0.796477105467505
Average reward: 0.13626373626373625
Training...


--- Game 456 ---
Score: 0
Record: 1
Explore rate: 0.7960788669147714
Average reward: 0.13596491228070176
Training...


--- Game 457 ---
Score: 0
Record: 1
Explore rate: 0.7956808274813141
Average reward: 0.13566739606126915
Training...


--- Game 458 ---
Score: 0
Record: 1
Explore rate: 0.7952829870675735
Average reward: 0.13537117903930132
Training...


--- Game 459 ---
Score: 0
Record: 1
Explore rate: 0.7948853455740398
Average reward: 0.13507625272331156
Training...


--- Game 460 ---
Score: 0
Record: 1
Explore rate: 0.7944879029012528
Average reward: 0.13478260869565217
Training...


--- Game 461 ---
Score: 0
Record: 1
Explore rate: 0.7940906589498022
Average reward: 0.13449023861171366
Training...


--- Game 462 ---
Score: 0
Record: 1
Explore rate: 0.7936936136203274
Average reward: 0.1341991341991342
Training...


--- Game 463 ---
Score: 0
Record: 1
Explore rate: 0.7932967668135174
Average reward: 0.13390928725701945
Training...


--- Game 464 ---
Score: 0
Record: 1
Explore rate: 0.7929001184301107
Average reward: 0.1336206896551724
Training...


--- Game 465 ---
Score: 0
Record: 1
Explore rate: 0.7925036683708957
Average reward: 0.13333333333333333
Training...


--- Game 466 ---
Score: 0
Record: 1
Explore rate: 0.7921074165367102
Average reward: 0.13304721030042918
Training...


--- Game 467 ---
Score: 0
Record: 1
Explore rate: 0.7917113628284419
Average reward: 0.13276231263383298
Training...


--- Game 468 ---
Score: 0
Record: 1
Explore rate: 0.7913155071470277
Average reward: 0.13247863247863248
Training...


--- Game 469 ---
Score: 0
Record: 1
Explore rate: 0.7909198493934543
Average reward: 0.13219616204690832
Training...


--- Game 470 ---
Score: 1
Record: 1
Explore rate: 0.7905243894687576
Average reward: 0.13404255319148936
-- Saved weights to snake_pixel_gpu.pth --
Training...


--- Game 471 ---
Score: 0
Record: 1
Explore rate: 0.7901291272740233
Average reward: 0.1337579617834395
Training...


--- Game 472 ---
Score: 0
Record: 1
Explore rate: 0.7897340627103864
Average reward: 0.13347457627118645
Training...


--- Game 473 ---
Score: 0
Record: 1
Explore rate: 0.7893391956790312
Average reward: 0.1331923890063425
Training...


--- Game 474 ---
Score: 0
Record: 1
Explore rate: 0.7889445260811917
Average reward: 0.13291139240506328
Training...


--- Game 475 ---
Score: 1
Record: 1
Explore rate: 0.7885500538181511
Average reward: 0.13473684210526315
-- Saved weights to snake_pixel_gpu.pth --
Training...


--- Game 476 ---
Score: 0
Record: 1
Explore rate: 0.7881557787912421
Average reward: 0.13445378151260504
Training...


--- Game 477 ---
Score: 0
Record: 1
Explore rate: 0.7877617009018465
Average reward: 0.13417190775681342
Training...


--- Game 478 ---
Score: 0
Record: 1
Explore rate: 0.7873678200513956
Average reward: 0.13389121338912133
Training...


--- Game 479 ---
Score: 0
Record: 1
Explore rate: 0.7869741361413699
Average reward: 0.1336116910229645
Training...


--- Game 480 ---
Score: 0
Record: 1
Explore rate: 0.7865806490732993
Average reward: 0.13333333333333333
Training...


--- Game 481 ---
Score: 0
Record: 1
Explore rate: 0.7861873587487627
Average reward: 0.13305613305613306
Training...


--- Game 482 ---
Score: 0
Record: 1
Explore rate: 0.7857942650693883
Average reward: 0.13278008298755187
Training...


--- Game 483 ---
Score: 0
Record: 1
Explore rate: 0.7854013679368537
Average reward: 0.13250517598343686
Training...


--- Game 484 ---
Score: 0
Record: 1
Explore rate: 0.7850086672528853
Average reward: 0.1322314049586777
Training...


--- Game 485 ---
Score: 0
Record: 1
Explore rate: 0.784616162919259
Average reward: 0.13195876288659794
Training...


--- Game 486 ---
Score: 1
Record: 1
Explore rate: 0.7842238548377993
Average reward: 0.1337448559670782
-- Saved weights to snake_pixel_gpu.pth --
Training...


--- Game 487 ---
Score: 0
Record: 1
Explore rate: 0.7838317429103805
Average reward: 0.13347022587268995
Training...


--- Game 488 ---
Score: 0
Record: 1
Explore rate: 0.7834398270389253
Average reward: 0.13319672131147542
Training...


--- Game 489 ---
Score: 0
Record: 1
Explore rate: 0.783048107125406
Average reward: 0.1329243353783231
Training...


--- Game 490 ---
Score: 0
Record: 1
Explore rate: 0.7826565830718433
Average reward: 0.1326530612244898
Training...


--- Game 491 ---
Score: 0
Record: 1
Explore rate: 0.7822652547803074
Average reward: 0.13238289205702647
Training...


--- Game 492 ---
Score: 0
Record: 1
Explore rate: 0.7818741221529173
Average reward: 0.13211382113821138
Training...


--- Game 493 ---
Score: 0
Record: 1
Explore rate: 0.7814831850918409
Average reward: 0.13184584178498987
Training...


--- Game 494 ---
Score: 0
Record: 1
Explore rate: 0.781092443499295
Average reward: 0.13157894736842105
Training...


--- Game 495 ---
Score: 0
Record: 1
Explore rate: 0.7807018972775454
Average reward: 0.13131313131313133
Training...


--- Game 496 ---
Score: 0
Record: 1
Explore rate: 0.7803115463289066
Average reward: 0.1310483870967742
Training...


--- Game 497 ---
Score: 0
Record: 1
Explore rate: 0.7799213905557423
Average reward: 0.13078470824949698
Training...


--- Game 498 ---
Score: 1
Record: 1
Explore rate: 0.7795314298604644
Average reward: 0.13253012048192772
-- Saved weights to snake_pixel_gpu.pth --
Training...


--- Game 499 ---
Score: 1
Record: 1
Explore rate: 0.7791416641455342
Average reward: 0.1342685370741483
-- Saved weights to snake_pixel_gpu.pth --
Training...


--- Game 500 ---
Score: 0
Record: 1
Explore rate: 0.7787520933134615
Average reward: 0.134
Training...


--- Game 501 ---
Score: 1
Record: 1
Explore rate: 0.7783627172668048
Average reward: 0.13572854291417166
-- Saved weights to snake_pixel_gpu.pth --
Training...


--- Game 502 ---
Score: 0
Record: 1
Explore rate: 0.7779735359081715
Average reward: 0.13545816733067728
Training...


--- Game 503 ---
Score: 0
Record: 1
Explore rate: 0.7775845491402175
Average reward: 0.13518886679920478
Training...


--- Game 504 ---
Score: 0
Record: 1
Explore rate: 0.7771957568656473
Average reward: 0.1349206349206349
Training...


--- Game 505 ---
Score: 1
Record: 1
Explore rate: 0.7768071589872145
Average reward: 0.13663366336633664
-- Saved weights to snake_pixel_gpu.pth --
Training...


--- Game 506 ---
Score: 0
Record: 1
Explore rate: 0.776418755407721
Average reward: 0.13636363636363635
Training...


--- Game 507 ---
Score: 0
Record: 1
Explore rate: 0.7760305460300172
Average reward: 0.13609467455621302
Training...


--- Game 508 ---
Score: 0
Record: 1
Explore rate: 0.7756425307570022
Average reward: 0.13582677165354332
Training...


--- Game 509 ---
Score: 0
Record: 1
Explore rate: 0.7752547094916237
Average reward: 0.13555992141453832
Training...


--- Game 510 ---
Score: 0
Record: 1
Explore rate: 0.7748670821368779
Average reward: 0.13529411764705881
Training...


--- Game 511 ---
Score: 0
Record: 1
Explore rate: 0.7744796485958095
Average reward: 0.1350293542074364
Training...


--- Game 512 ---
Score: 0
Record: 1
Explore rate: 0.7740924087715116
Average reward: 0.134765625
Training...


--- Game 513 ---
Score: 0
Record: 1
Explore rate: 0.773705362567126
Average reward: 0.13450292397660818
Training...


--- Game 514 ---
Score: 0
Record: 1
Explore rate: 0.7733185098858425
Average reward: 0.13424124513618677
Training...


--- Game 515 ---
Score: 0
Record: 1
Explore rate: 0.7729318506308996
Average reward: 0.13398058252427184
Training...


--- Game 516 ---
Score: 0
Record: 1
Explore rate: 0.7725453847055842
Average reward: 0.13372093023255813
Training...


--- Game 517 ---
Score: 0
Record: 1
Explore rate: 0.7721591120132315
Average reward: 0.13346228239845262
Training...


--- Game 518 ---
Score: 0
Record: 1
Explore rate: 0.771773032457225
Average reward: 0.13320463320463322
Training...


--- Game 519 ---
Score: 0
Record: 1
Explore rate: 0.7713871459409963
Average reward: 0.1329479768786127
Training...


--- Game 520 ---
Score: 1
Record: 1
Explore rate: 0.7710014523680259
Average reward: 0.1346153846153846
-- Saved weights to snake_pixel_gpu.pth --
Training...


--- Game 521 ---
Score: 0
Record: 1
Explore rate: 0.7706159516418419
Average reward: 0.1343570057581574
Training...


--- Game 522 ---
Score: 0
Record: 1
Explore rate: 0.770230643666021
Average reward: 0.13409961685823754
Training...


--- Game 523 ---
Score: 0
Record: 1
Explore rate: 0.7698455283441881
Average reward: 0.1338432122370937
Training...


--- Game 524 ---
Score: 0
Record: 1
Explore rate: 0.769460605580016
Average reward: 0.13358778625954199
Training...


--- Game 525 ---
Score: 0
Record: 1
Explore rate: 0.7690758752772261
Average reward: 0.13333333333333333
Training...


--- Game 526 ---
Score: 0
Record: 1
Explore rate: 0.7686913373395875
Average reward: 0.13307984790874525
Training...


--- Game 527 ---
Score: 0
Record: 1
Explore rate: 0.7683069916709178
Average reward: 0.13282732447817835
Training...


--- Game 528 ---
Score: 0
Record: 1
Explore rate: 0.7679228381750823
Average reward: 0.13257575757575757
Training...


--- Game 529 ---
Score: 0
Record: 1
Explore rate: 0.7675388767559949
Average reward: 0.1323251417769376
Training...


--- Game 530 ---
Score: 0
Record: 1
Explore rate: 0.7671551073176169
Average reward: 0.1320754716981132
Training...


--- Game 531 ---
Score: 0
Record: 1
Explore rate: 0.7667715297639581
Average reward: 0.1318267419962335
Training...


--- Game 532 ---
Score: 0
Record: 1
Explore rate: 0.7663881439990762
Average reward: 0.13157894736842105
Training...


--- Game 533 ---
Score: 0
Record: 1
Explore rate: 0.7660049499270767
Average reward: 0.13133208255159476
Training...


--- Game 534 ---
Score: 0
Record: 1
Explore rate: 0.7656219474521132
Average reward: 0.13108614232209737
Training...


--- Game 535 ---
Score: 0
Record: 1
Explore rate: 0.7652391364783871
Average reward: 0.1308411214953271
Training...


--- Game 536 ---
Score: 0
Record: 1
Explore rate: 0.764856516910148
Average reward: 0.13059701492537312
Training...


--- Game 537 ---
Score: 0
Record: 1
Explore rate: 0.764474088651693
Average reward: 0.1303538175046555
Training...


--- Game 538 ---
Score: 0
Record: 1
Explore rate: 0.7640918516073671
Average reward: 0.13011152416356878
Training...


--- Game 539 ---
Score: 0
Record: 1
Explore rate: 0.7637098056815635
Average reward: 0.12987012987012986
Training...


--- Game 540 ---
Score: 0
Record: 1
Explore rate: 0.7633279507787228
Average reward: 0.12962962962962962
Training...


--- Game 541 ---
Score: 0
Record: 1
Explore rate: 0.7629462868033335
Average reward: 0.12939001848428835
Training...


--- Game 542 ---
Score: 0
Record: 1
Explore rate: 0.7625648136599319
Average reward: 0.12915129151291513
Training...


--- Game 543 ---
Score: 0
Record: 1
Explore rate: 0.762183531253102
Average reward: 0.1289134438305709
Training...


--- Game 544 ---
Score: 0
Record: 1
Explore rate: 0.7618024394874755
Average reward: 0.12867647058823528
Training...


--- Game 545 ---
Score: 0
Record: 1
Explore rate: 0.7614215382677318
Average reward: 0.12844036697247707
Training...


--- Game 546 ---
Score: 0
Record: 1
Explore rate: 0.761040827498598
Average reward: 0.1282051282051282
Training...


--- Game 547 ---
Score: 0
Record: 1
Explore rate: 0.7606603070848488
Average reward: 0.12797074954296161
Training...


--- Game 548 ---
Score: 0
Record: 1
Explore rate: 0.7602799769313064
Average reward: 0.12773722627737227
Training...


--- Game 549 ---
Score: 0
Record: 1
Explore rate: 0.7598998369428408
Average reward: 0.12750455373406194
Training...


--- Game 550 ---
Score: 0
Record: 1
Explore rate: 0.7595198870243695
Average reward: 0.12727272727272726
Training...


--- Game 551 ---
Score: 0
Record: 1
Explore rate: 0.7591401270808573
Average reward: 0.12704174228675136
Training...


--- Game 552 ---
Score: 0
Record: 1
Explore rate: 0.7587605570173169
Average reward: 0.12681159420289856
Training...


--- Game 553 ---
Score: 0
Record: 1
Explore rate: 0.7583811767388083
Average reward: 0.12658227848101267
Training...


--- Game 554 ---
Score: 0
Record: 1
Explore rate: 0.758001986150439
Average reward: 0.1263537906137184
Training...


--- Game 555 ---
Score: 0
Record: 1
Explore rate: 0.7576229851573638
Average reward: 0.12612612612612611
Training...


--- Game 556 ---
Score: 0
Record: 1
Explore rate: 0.7572441736647851
Average reward: 0.12589928057553956
Training...


--- Game 557 ---
Score: 0
Record: 1
Explore rate: 0.7568655515779528
Average reward: 0.12567324955116696
Training...


--- Game 558 ---
Score: 0
Record: 1
Explore rate: 0.7564871188021638
Average reward: 0.12544802867383512
Training...


--- Game 559 ---
Score: 0
Record: 1
Explore rate: 0.7561088752427627
Average reward: 0.1252236135957066
Training...


--- Game 560 ---
Score: 0
Record: 1
Explore rate: 0.7557308208051414
Average reward: 0.125
Training...


--- Game 561 ---
Score: 0
Record: 1
Explore rate: 0.7553529553947389
Average reward: 0.12477718360071301
Training...


--- Game 562 ---
Score: 1
Record: 1
Explore rate: 0.7549752789170415
Average reward: 0.12633451957295375
-- Saved weights to snake_pixel_gpu.pth --
Training...


--- Game 563 ---
Score: 0
Record: 1
Explore rate: 0.7545977912775831
Average reward: 0.1261101243339254
Training...


--- Game 564 ---
Score: 0
Record: 1
Explore rate: 0.7542204923819443
Average reward: 0.12588652482269502
Training...


--- Game 565 ---
Score: 0
Record: 1
Explore rate: 0.7538433821357534
Average reward: 0.1256637168141593
Training...


--- Game 566 ---
Score: 1
Record: 1
Explore rate: 0.7534664604446856
Average reward: 0.127208480565371
-- Saved weights to snake_pixel_gpu.pth --
Training...


--- Game 567 ---
Score: 0
Record: 1
Explore rate: 0.7530897272144633
Average reward: 0.12698412698412698
Training...


--- Game 568 ---
Score: 0
Record: 1
Explore rate: 0.7527131823508562
Average reward: 0.1267605633802817
Training...


--- Game 569 ---
Score: 0
Record: 1
Explore rate: 0.7523368257596807
Average reward: 0.1265377855887522
Training...


--- Game 570 ---
Score: 0
Record: 1
Explore rate: 0.751960657346801
Average reward: 0.12631578947368421
Training...


--- Game 571 ---
Score: 0
Record: 1
Explore rate: 0.7515846770181276
Average reward: 0.12609457092819615
Training...


--- Game 572 ---
Score: 0
Record: 1
Explore rate: 0.7512088846796185
Average reward: 0.1258741258741259
Training...


--- Game 573 ---
Score: 0
Record: 1
Explore rate: 0.7508332802372788
Average reward: 0.1256544502617801
Training...


--- Game 574 ---
Score: 0
Record: 1
Explore rate: 0.7504578635971602
Average reward: 0.1254355400696864
Training...


--- Game 575 ---
Score: 0
Record: 1
Explore rate: 0.7500826346653616
Average reward: 0.12521739130434784
Training...


--- Game 576 ---
Score: 0
Record: 1
Explore rate: 0.7497075933480289
Average reward: 0.125
Training...


--- Game 577 ---
Score: 0
Record: 1
Explore rate: 0.7493327395513549
Average reward: 0.12478336221837089
Training...


--- Game 578 ---
Score: 0
Record: 1
Explore rate: 0.7489580731815793
Average reward: 0.1245674740484429
Training...


--- Game 579 ---
Score: 0
Record: 1
Explore rate: 0.7485835941449885
Average reward: 0.12435233160621761
Training...


--- Game 580 ---
Score: 0
Record: 1
Explore rate: 0.748209302347916
Average reward: 0.12413793103448276
Training...


--- Game 581 ---
Score: 0
Record: 1
Explore rate: 0.7478351976967421
Average reward: 0.12392426850258176
Training...


--- Game 582 ---
Score: 0
Record: 1
Explore rate: 0.7474612800978938
Average reward: 0.12371134020618557
Training...


--- Game 583 ---
Score: 0
Record: 1
Explore rate: 0.747087549457845
Average reward: 0.1234991423670669
Training...


--- Game 584 ---
Score: 0
Record: 1
Explore rate: 0.7467140056831161
Average reward: 0.1232876712328767
Training...


--- Game 585 ---
Score: 0
Record: 1
Explore rate: 0.7463406486802746
Average reward: 0.12307692307692308
Training...


--- Game 586 ---
Score: 0
Record: 1
Explore rate: 0.7459674783559345
Average reward: 0.12286689419795221
Training...


--- Game 587 ---
Score: 0
Record: 1
Explore rate: 0.7455944946167565
Average reward: 0.12265758091993186
Training...


--- Game 588 ---
Score: 1
Record: 1
Explore rate: 0.7452216973694482
Average reward: 0.12414965986394558
-- Saved weights to snake_pixel_gpu.pth --
Training...


--- Game 589 ---
Score: 0
Record: 1
Explore rate: 0.7448490865207635
Average reward: 0.12393887945670629
Training...


--- Game 590 ---
Score: 0
Record: 1
Explore rate: 0.7444766619775032
Average reward: 0.12372881355932204
Training...


--- Game 591 ---
Score: 0
Record: 1
Explore rate: 0.7441044236465144
Average reward: 0.12351945854483926
Training...


--- Game 592 ---
Score: 0
Record: 1
Explore rate: 0.7437323714346912
Average reward: 0.12331081081081081
Training...


--- Game 593 ---
Score: 0
Record: 1
Explore rate: 0.7433605052489739
Average reward: 0.12310286677908938
Training...


--- Game 594 ---
Score: 0
Record: 1
Explore rate: 0.7429888249963494
Average reward: 0.12289562289562289
Training...


--- Game 595 ---
Score: 0
Record: 1
Explore rate: 0.7426173305838513
Average reward: 0.1226890756302521
Training...


--- Game 596 ---
Score: 0
Record: 1
Explore rate: 0.7422460219185594
Average reward: 0.12248322147651007
Training...


--- Game 597 ---
Score: 0
Record: 1
Explore rate: 0.7418748989076002
Average reward: 0.12227805695142378
Training...


--- Game 598 ---
Score: 0
Record: 1
Explore rate: 0.7415039614581465
Average reward: 0.12207357859531773
Training...


--- Game 599 ---
Score: 0
Record: 1
Explore rate: 0.7411332094774175
Average reward: 0.12186978297161936
Training...


--- Game 600 ---
Score: 0
Record: 1
Explore rate: 0.7407626428726788
Average reward: 0.12166666666666667
Training...


--- Game 601 ---
Score: 0
Record: 1
Explore rate: 0.7403922615512425
Average reward: 0.12146422628951747
Training...


--- Game 602 ---
Score: 0
Record: 1
Explore rate: 0.7400220654204669
Average reward: 0.1212624584717608
Training...


--- Game 603 ---
Score: 0
Record: 1
Explore rate: 0.7396520543877567
Average reward: 0.12106135986733002
Training...


--- Game 604 ---
Score: 0
Record: 1
Explore rate: 0.7392822283605629
Average reward: 0.12086092715231789
Training...


--- Game 605 ---
Score: 0
Record: 1
Explore rate: 0.7389125872463826
Average reward: 0.1206611570247934
Training...


--- Game 606 ---
Score: 0
Record: 1
Explore rate: 0.7385431309527595
Average reward: 0.12046204620462046
Training...


--- Game 607 ---
Score: 0
Record: 1
Explore rate: 0.7381738593872831
Average reward: 0.12026359143327842
Training...


--- Game 608 ---
Score: 1
Record: 1
Explore rate: 0.7378047724575895
Average reward: 0.12171052631578948
-- Saved weights to snake_pixel_gpu.pth --
Training...


--- Game 609 ---
Score: 0
Record: 1
Explore rate: 0.7374358700713607
Average reward: 0.12151067323481117
Training...


--- Game 610 ---
Score: 0
Record: 1
Explore rate: 0.737067152136325
Average reward: 0.12131147540983607
Training...


--- Game 611 ---
Score: 0
Record: 1
Explore rate: 0.7366986185602569
Average reward: 0.12111292962356793
Training...


--- Game 612 ---
Score: 1
Record: 1
Explore rate: 0.7363302692509768
Average reward: 0.12254901960784313
-- Saved weights to snake_pixel_gpu.pth --
Training...


--- Game 613 ---
Score: 0
Record: 1
Explore rate: 0.7359621041163513
Average reward: 0.12234910277324633
Training...


--- Game 614 ---
Score: 0
Record: 1
Explore rate: 0.7355941230642932
Average reward: 0.12214983713355049
Training...


--- Game 615 ---
Score: 0
Record: 1
Explore rate: 0.735226326002761
Average reward: 0.12195121951219512
Training...


--- Game 616 ---
Score: 0
Record: 1
Explore rate: 0.7348587128397597
Average reward: 0.12175324675324675
Training...


--- Game 617 ---
Score: 0
Record: 1
Explore rate: 0.7344912834833398
Average reward: 0.12155591572123177
Training...


--- Game 618 ---
Score: 0
Record: 1
Explore rate: 0.7341240378415982
Average reward: 0.12135922330097088
Training...


--- Game 619 ---
Score: 0
Record: 1
Explore rate: 0.7337569758226774
Average reward: 0.12116316639741519
Training...


--- Game 620 ---
Score: 0
Record: 1
Explore rate: 0.7333900973347661
Average reward: 0.12096774193548387
Training...


--- Game 621 ---
Score: 2
Record: 2
Explore rate: 0.7330234022860987
Average reward: 0.12399355877616747
-- Saved weights to snake_pixel_gpu.pth --
Training...


--- Game 622 ---
Score: 0
Record: 2
Explore rate: 0.7326568905849558
Average reward: 0.12379421221864952
Training...


--- Game 623 ---
Score: 0
Record: 2
Explore rate: 0.7322905621396634
Average reward: 0.12359550561797752
Training...


--- Game 624 ---
Score: 0
Record: 2
Explore rate: 0.7319244168585936
Average reward: 0.1233974358974359
Training...


--- Game 625 ---
Score: 1
Record: 2
Explore rate: 0.7315584546501643
Average reward: 0.1248
-- Saved weights to snake_pixel_gpu.pth --
Training...


--- Game 626 ---
Score: 0
Record: 2
Explore rate: 0.7311926754228393
Average reward: 0.12460063897763578
Training...


--- Game 627 ---
Score: 0
Record: 2
Explore rate: 0.7308270790851279
Average reward: 0.12440191387559808
Training...


--- Game 628 ---
Score: 0
Record: 2
Explore rate: 0.7304616655455853
Average reward: 0.12420382165605096
Training...


--- Game 629 ---
Score: 0
Record: 2
Explore rate: 0.7300964347128126
Average reward: 0.12400635930047695
Training...


--- Game 630 ---
Score: 0
Record: 2
Explore rate: 0.7297313864954562
Average reward: 0.12380952380952381
Training...


--- Game 631 ---
Score: 0
Record: 2
Explore rate: 0.7293665208022085
Average reward: 0.12361331220285261
Training...


--- Game 632 ---
Score: 0
Record: 2
Explore rate: 0.7290018375418075
Average reward: 0.12341772151898735
Training...


--- Game 633 ---
Score: 1
Record: 2
Explore rate: 0.7286373366230366
Average reward: 0.12480252764612954
-- Saved weights to snake_pixel_gpu.pth --
Training...


--- Game 634 ---
Score: 0
Record: 2
Explore rate: 0.7282730179547252
Average reward: 0.12460567823343849
Training...


--- Game 635 ---
Score: 0
Record: 2
Explore rate: 0.7279088814457478
Average reward: 0.12440944881889764
Training...


--- Game 636 ---
Score: 0
Record: 2
Explore rate: 0.727544927005025
Average reward: 0.12421383647798742
Training...


--- Game 637 ---
Score: 0
Record: 2
Explore rate: 0.7271811545415225
Average reward: 0.12401883830455258
Training...


--- Game 638 ---
Score: 0
Record: 2
Explore rate: 0.7268175639642518
Average reward: 0.1238244514106583
Training...


--- Game 639 ---
Score: 0
Record: 2
Explore rate: 0.7264541551822697
Average reward: 0.12363067292644757
Training...


--- Game 640 ---
Score: 0
Record: 2
Explore rate: 0.7260909281046787
Average reward: 0.1234375
Training...


--- Game 641 ---
Score: 0
Record: 2
Explore rate: 0.7257278826406264
Average reward: 0.12324492979719189
Training...


--- Game 642 ---
Score: 0
Record: 2
Explore rate: 0.7253650186993061
Average reward: 0.12305295950155763
Training...


--- Game 643 ---
Score: 0
Record: 2
Explore rate: 0.7250023361899566
Average reward: 0.12286158631415241
Training...


--- Game 644 ---
Score: 0
Record: 2
Explore rate: 0.7246398350218617
Average reward: 0.12267080745341614
Training...


--- Game 645 ---
Score: 0
Record: 2
Explore rate: 0.7242775151043508
Average reward: 0.12248062015503876
Training...


--- Game 646 ---
Score: 0
Record: 2
Explore rate: 0.7239153763467987
Average reward: 0.12229102167182662
Training...


--- Game 647 ---
Score: 0
Record: 2
Explore rate: 0.7235534186586253
Average reward: 0.12210200927357033
Training...


--- Game 648 ---
Score: 0
Record: 2
Explore rate: 0.7231916419492961
Average reward: 0.12191358024691358
Training...


--- Game 649 ---
Score: 0
Record: 2
Explore rate: 0.7228300461283215
Average reward: 0.12172573189522343
Training...


--- Game 650 ---
Score: 0
Record: 2
Explore rate: 0.7224686311052574
Average reward: 0.12153846153846154
